<?xml version="1.0" encoding="UTF-8"?>
<!-- Generated by org.testng.reporters.JUnitXMLReporter -->
<testsuite ignored="1" hostname="Karthik" failures="0" tests="1" name="Test" time="2.482" errors="0" timestamp="2024-08-07T22:19:10 IST">
  <testcase classname="com.nasaapi.testproject.Reqres_GET_APIUsers" name="validateJsonBody" time="2.427"/>
  <testcase classname="com.nasaapi.testproject.AsteroidsNeoWs_Test" name="getAPI_Test" time="0.0">
    <ignored/>
  </testcase> <!-- getAPI_Test -->
</testsuite> <!-- Test -->
