<?xml version="1.0" encoding="UTF-8"?>
<testng-results ignored="0" total="1" passed="1" failed="0" skipped="0">
  <reporter-output>
  </reporter-output>
  <suite started-at="2024-08-11T17:19:54 IST" name="Default suite" finished-at="2024-08-11T17:21:01 IST" duration-ms="66503">
    <groups>
    </groups>
    <test started-at="2024-08-11T17:19:54 IST" name="Default test" finished-at="2024-08-11T17:21:01 IST" duration-ms="66503">
      <class name="com.restassured.utils.Authorization_class">
        <test-method signature="createAuthKey()[pri:0, instance:com.restassured.utils.Authorization_class@f5acb9d]" started-at="2024-08-11T17:19:54 IST" name="createAuthKey" finished-at="2024-08-11T17:21:01 IST" duration-ms="66450" status="PASS">
          <reporter-output>
          </reporter-output>
        </test-method> <!-- createAuthKey -->
      </class> <!-- com.restassured.utils.Authorization_class -->
    </test> <!-- Default test -->
  </suite> <!-- Default suite -->
</testng-results>
